<?xml version="1.0" encoding="UTF-8"?>
<testsuite name="com.adventure.MT3" tests="10" skipped="0" failures="0" errors="0" timestamp="2022-09-30T02:39:33" hostname="DESKTOP-JFA7LEF" time="0.747">
  <properties/>
  <testcase name="testPlayerMovementInvalid()" classname="com.adventure.MT3" time="0.047"/>
  <testcase name="testPlayerMovementEast()" classname="com.adventure.MT3" time="0.002"/>
  <testcase name="testPlayerMovementWest()" classname="com.adventure.MT3" time="0.001"/>
  <testcase name="testInvalidMoveInput()" classname="com.adventure.MT3" time="0.675"/>
  <testcase name="testPrompt2()" classname="com.adventure.MT3" time="0.004"/>
  <testcase name="checkMoveInputEast()" classname="com.adventure.MT3" time="0.002"/>
  <testcase name="checkMoveInputWest()" classname="com.adventure.MT3" time="0.001"/>
  <testcase name="testUseInput()" classname="com.adventure.MT3" time="0.008"/>
  <testcase name="checkSimpleInput()" classname="com.adventure.MT3" time="0.002"/>
  <testcase name="testPrompt()" classname="com.adventure.MT3" time="0.001"/>
  <system-out><![CDATA[]]></system-out>
  <system-err><![CDATA[]]></system-err>
</testsuite>
