<?xml version="1.0" encoding="UTF-8"?>
<testsuite name="com.adventure.MT7" tests="3" skipped="0" failures="0" errors="0" timestamp="2022-10-07T23:38:14" hostname="DESKTOP-JFA7LEF" time="0.058">
  <properties/>
  <testcase name="testReadFile2()" classname="com.adventure.MT7" time="0.045"/>
  <testcase name="testReadFile()" classname="com.adventure.MT7" time="0.002"/>
  <testcase name="testCombatSimulator()" classname="com.adventure.MT7" time="0.011"/>
  <system-out><![CDATA[]]></system-out>
  <system-err><![CDATA[]]></system-err>
</testsuite>
