<?xml version="1.0" encoding="UTF-8"?>
<testsuite name="com.adventure.MT8" tests="5" skipped="0" failures="0" errors="0" timestamp="2022-10-09T00:51:14" hostname="DESKTOP-JFA7LEF" time="0.706">
  <properties/>
  <testcase name="testPrintItemsCommand()" classname="com.adventure.MT8" time="0.687"/>
  <testcase name="testBackpackAddRemoveItem()" classname="com.adventure.MT8" time="0.005"/>
  <testcase name="testBackpackLimit()" classname="com.adventure.MT8" time="0.005"/>
  <testcase name="testBackpackViaPlayer()" classname="com.adventure.MT8" time="0.006"/>
  <testcase name="testPrintBackpack()" classname="com.adventure.MT8" time="0.001"/>
  <system-out><![CDATA[]]></system-out>
  <system-err><![CDATA[]]></system-err>
</testsuite>
