<?xml version="1.0" encoding="UTF-8"?>
<testsuite name="com.adventure.MT6" tests="3" skipped="0" failures="0" errors="0" timestamp="2022-10-04T04:31:14" hostname="DESKTOP-JFA7LEF" time="0.689">
  <properties/>
  <testcase name="testCommandHelp()" classname="com.adventure.MT6" time="0.684"/>
  <testcase name="testCommandMove()" classname="com.adventure.MT6" time="0.003"/>
  <testcase name="testCommandUse()" classname="com.adventure.MT6" time="0.002"/>
  <system-out><![CDATA[]]></system-out>
  <system-err><![CDATA[]]></system-err>
</testsuite>
