<?xml version="1.0" encoding="UTF-8"?>
<testsuite name="com.adventure.MT2" tests="2" skipped="0" failures="0" errors="0" timestamp="2022-09-27T23:25:58" hostname="DESKTOP-JFA7LEF" time="0.052">
  <properties/>
  <testcase name="canOpenDoor()" classname="com.adventure.MT2" time="0.046"/>
  <testcase name="setName()" classname="com.adventure.MT2" time="0.005"/>
  <system-out><![CDATA[]]></system-out>
  <system-err><![CDATA[]]></system-err>
</testsuite>
